<?xml version="1.0" encoding="UTF-8"?>
<!-- Generated by org.testng.reporters.JUnitReportReporter -->
<testsuite hostname="wsb-174" failures="0" tests="1" name="com.gmail.fail.FailTest" time="4.538" errors="0" timestamp="20 Dec 2017 13:48:56 GMT" skipped="1">
  <testcase classname="com.gmail.fail.FailTest" name="checkFail" time="4.538">
    <skipped/>
  </testcase> <!-- checkFail -->
</testsuite> <!-- com.gmail.fail.FailTest -->
